{
"contracts\\Receiver.sol":{"l":{"21":1,"25":1,"26":1,"27":1,"28":1,"29":1,"33":1,"34":1},"path":"C:\\Users\\Caleb\\Desktop\\school\\essential smart countract\\assignment\\tree-token\\contracts\\Receiver.sol","s":{"1":1,"2":1,"3":1,"4":1,"5":1,"6":1,"7":1,"8":1},"b":{},"f":{"1":1,"2":1,"3":1},"fnMap":{"1":{"name":"constructor","line":20,"loc":{"start":{"line":20,"column":4},"end":{"line":22,"column":4}}},"2":{"name":"onERC721Received","line":24,"loc":{"start":{"line":24,"column":4},"end":{"line":30,"column":4}}},"3":{"name":"burn","line":32,"loc":{"start":{"line":32,"column":4},"end":{"line":35,"column":4}}}},"statementMap":{"1":{"start":{"line":21,"column":8},"end":{"line":21,"column":39}},"2":{"start":{"line":25,"column":8},"end":{"line":25,"column":27}},"3":{"start":{"line":26,"column":8},"end":{"line":26,"column":19}},"4":{"start":{"line":27,"column":8},"end":{"line":27,"column":25}},"5":{"start":{"line":28,"column":8},"end":{"line":28,"column":19}},"6":{"start":{"line":29,"column":8},"end":{"line":29,"column":45}},"7":{"start":{"line":33,"column":8},"end":{"line":33,"column":66}},"8":{"start":{"line":34,"column":8},"end":{"line":34,"column":40}}},"branchMap":{}},
"contracts\\TreeToken.sol":{"l":{"31":3,"36":4,"37":2,"46":2,"47":2,"48":2,"49":2,"50":2,"51":2,"55":2,"62":2,"63":2},"path":"C:\\Users\\Caleb\\Desktop\\school\\essential smart countract\\assignment\\tree-token\\contracts\\TreeToken.sol","s":{"1":3,"2":4,"3":2,"4":2,"5":2,"6":2,"7":2,"8":2,"9":2,"10":2,"11":2},"b":{"1":[2,2]},"f":{"1":3,"2":4,"3":2},"fnMap":{"1":{"name":"constructor","line":30,"loc":{"start":{"line":30,"column":4},"end":{"line":32,"column":4}}},"2":{"name":"onlyOwner","line":35,"loc":{"start":{"line":35,"column":4},"end":{"line":38,"column":4}}},"3":{"name":"plant_tree","line":45,"loc":{"start":{"line":40,"column":4},"end":{"line":64,"column":4}}}},"statementMap":{"1":{"start":{"line":31,"column":8},"end":{"line":31,"column":25}},"2":{"start":{"line":36,"column":8},"end":{"line":36,"column":62}},"3":{"start":{"line":46,"column":8},"end":{"line":46,"column":45}},"4":{"start":{"line":47,"column":8},"end":{"line":47,"column":38}},"5":{"start":{"line":48,"column":8},"end":{"line":48,"column":36}},"6":{"start":{"line":49,"column":8},"end":{"line":49,"column":28}},"7":{"start":{"line":50,"column":8},"end":{"line":50,"column":30}},"8":{"start":{"line":51,"column":8},"end":{"line":51,"column":1329}},"9":{"start":{"line":55,"column":8},"end":{"line":55,"column":1462}},"10":{"start":{"line":62,"column":8},"end":{"line":62,"column":23}},"11":{"start":{"line":63,"column":8},"end":{"line":63,"column":43}}},"branchMap":{"1":{"line":36,"type":"if","locations":[{"start":{"line":36,"column":8},"end":{"line":36,"column":8}},{"start":{"line":36,"column":8},"end":{"line":36,"column":8}}]}}}}
