TN:
SF:C:\Users\Caleb\Desktop\school\essential smart countract\assignment\tree-token\contracts\Receiver.sol
FN:20,constructor
FN:24,onERC721Received
FN:32,burn
FNF:3
FNH:3
FNDA:1,constructor
FNDA:1,onERC721Received
FNDA:1,burn
DA:21,1
DA:25,1
DA:26,1
DA:27,1
DA:28,1
DA:29,1
DA:33,1
DA:34,1
LF:8
LH:8
BRF:0
BRH:0
end_of_record
TN:
SF:C:\Users\Caleb\Desktop\school\essential smart countract\assignment\tree-token\contracts\TreeToken.sol
FN:30,constructor
FN:35,onlyOwner
FN:45,plant_tree
FNF:3
FNH:3
FNDA:3,constructor
FNDA:4,onlyOwner
FNDA:2,plant_tree
DA:31,3
DA:36,4
DA:37,2
DA:46,2
DA:47,2
DA:48,2
DA:49,2
DA:50,2
DA:51,2
DA:55,2
DA:62,2
DA:63,2
LF:12
LH:12
BRDA:36,1,0,2
BRDA:36,1,1,2
BRF:2
BRH:2
end_of_record
